<!doctype html>
<html lang="en"><head><meta charSet="utf-8"/><meta http-equiv="X-UA-Compatible" content="IE=edge"/><meta name="viewport" content="width=device-width, initial-scale=1"/><title>Mochawesome Report</title><link rel="stylesheet" href="assets\app.css"/></head><body data-raw="{&quot;stats&quot;:{&quot;suites&quot;:5,&quot;tests&quot;:5,&quot;passes&quot;:0,&quot;pending&quot;:0,&quot;failures&quot;:5,&quot;start&quot;:&quot;2023-08-19T12:37:07.568Z&quot;,&quot;end&quot;:&quot;2023-08-19T12:38:29.967Z&quot;,&quot;duration&quot;:82399,&quot;testsRegistered&quot;:5,&quot;passPercent&quot;:0,&quot;pendingPercent&quot;:0,&quot;other&quot;:0,&quot;hasOther&quot;:false,&quot;skipped&quot;:0,&quot;hasSkipped&quot;:false},&quot;results&quot;:[{&quot;uuid&quot;:&quot;53d253e8-92fb-467e-ae66-34f13b3b5cf1&quot;,&quot;title&quot;:&quot;&quot;,&quot;fullFile&quot;:&quot;cypress\\e2e\\smoke\\desktop\\smoke-desktop-suite.cy.js&quot;,&quot;file&quot;:&quot;cypress\\e2e\\smoke\\desktop\\smoke-desktop-suite.cy.js&quot;,&quot;beforeHooks&quot;:[],&quot;afterHooks&quot;:[],&quot;tests&quot;:[],&quot;suites&quot;:[{&quot;uuid&quot;:&quot;51a92344-92ae-47d2-a33f-a9ddc4568bf9&quot;,&quot;title&quot;:&quot;[TC2007]&quot;,&quot;fullFile&quot;:&quot;&quot;,&quot;file&quot;:&quot;&quot;,&quot;beforeHooks&quot;:[],&quot;afterHooks&quot;:[],&quot;tests&quot;:[{&quot;title&quot;:&quot;Verify \&quot;Listing functionality\&quot; is working correctly or not&quot;,&quot;fullTitle&quot;:&quot;[TC2007] Verify \&quot;Listing functionality\&quot; is working correctly or not&quot;,&quot;duration&quot;:24137,&quot;state&quot;:&quot;failed&quot;,&quot;pass&quot;:false,&quot;fail&quot;:true,&quot;pending&quot;:false,&quot;code&quot;:&quot;cy.visit(Cypress.env(&#x27;baseURL&#x27;));\n//Step 1 : Visit login page\n//Step 2 : Type email \n//Step 3 : Type password\n//Step 4 : click on remeber me checkbox \n//Step 5 : Click on sign in button\n//Step 6 : Verify Title as View Listing of the Page\n//Step 7 : Click 3 dots in front of listing \n_pageObjects.listings.clickOnMoreButtonForFethcingData();\ncy.wait(1000);\n//Step 8 : Click \&quot;fetch data from social accounts\&quot;\n_pageObjects.listings.fetchDataFromSocialAccontsButton().click();\n//Step 9 : Click confirm\n_pageObjects.listings.fetchDataConfirmButtonOnPopup().click().wait(3000);\n//Step 10 : Verify Toast message \&quot;Successfully synced with google\&quot;\n_pageObjects.listings.fetchDataSuccessToast();\n//Step 11 : Click \&quot;edit\&quot; button in front of company details\n_pageObjects.listings.editCompanyDetails().eq(0).click({\n  force: true\n}).wait(2000);\n//Step 12 : Now type something in location name like \&quot;Test\&quot; at the end of location name\n_pageObjects.listings.companyDetailsLocationNameField().type(&#x27;Test&#x27;);\n//Step 13 : Click save button\n_pageObjects.listings.listingsDetailFormSaveButton().click();\n//Step 14 : Verify Toast message \&quot;Updated Successfully\&quot;\n_pageObjects.listings.listingEditFormSaveToastMessage();\n//Step 15 : Now click cross or close button\n_pageObjects.listings.listingsDetailFormCloseButton().click();\n//Step 16 : Click to enable auto sync button\n_pageObjects.listings.autoSyncCheckboxClick().click();\n//Step 17 : Check sync now button is available\n_pageObjects.listings.verifySyncNowButton();\n//=============================== Post Condition ==========================//\n_pageObjects.listings.autoSyncCheckboxClick().click().wait(5000);\n_pageObjects.listings.editCompanyDetails().eq(0).click({\n  force: true\n});\n_pageObjects.listings.companyDetailsLocationNameField().type(&#x27;{backspace}&#x27; + &#x27;{backspace}&#x27; + &#x27;{backspace}&#x27; + &#x27;{backspace}&#x27;);\n_pageObjects.listings.listingsDetailFormSaveButton().click();\n_pageObjects.listings.listingEditFormSaveToastMessage();\ncy.wait(2000);\n_pageObjects.listings.listingsDetailFormCloseButton().click();&quot;,&quot;err&quot;:{&quot;message&quot;:&quot;AssertionError: Timed out retrying after 10000ms: Expected to find element: `//p[normalize-space()=&#x27;View Listings&#x27;]`, but never found it.\n\nThis error occurred while creating the session. Because the session setup failed, we failed the test.\n\nBecause this error occurred during a `before each` hook we are skipping the remaining tests in the current suite: `[TC2007]`&quot;,&quot;estack&quot;:&quot;AssertionError: Timed out retrying after 10000ms: Expected to find element: `//p[normalize-space()=&#x27;View Listings&#x27;]`, but never found it.\n\nThis error occurred while creating the session. Because the session setup failed, we failed the test.\n\nBecause this error occurred during a `before each` hook we are skipping the remaining tests in the current suite: `[TC2007]`\n    at desktopLoginPageObject.verifyDashboard (webpack:///./cypress/support/pageObjects/desktop/login_page/desktopLoginPage.js:178:13)\n    at cy.session.cacheAcrossSpecs [as setup] (webpack:///./cypress/support/commands.js:43:30)&quot;},&quot;uuid&quot;:&quot;59dff1cf-e120-4051-8ce5-687e7e66ac3a&quot;,&quot;parentUUID&quot;:&quot;51a92344-92ae-47d2-a33f-a9ddc4568bf9&quot;,&quot;isHook&quot;:false,&quot;skipped&quot;:false}],&quot;suites&quot;:[],&quot;passes&quot;:[],&quot;failures&quot;:[&quot;59dff1cf-e120-4051-8ce5-687e7e66ac3a&quot;],&quot;pending&quot;:[],&quot;skipped&quot;:[],&quot;duration&quot;:24137,&quot;root&quot;:false,&quot;rootEmpty&quot;:false,&quot;_timeout&quot;:2000},{&quot;uuid&quot;:&quot;3f848931-9670-41a7-96b6-a699fce514b4&quot;,&quot;title&quot;:&quot;[TC1003]&quot;,&quot;fullFile&quot;:&quot;&quot;,&quot;file&quot;:&quot;&quot;,&quot;beforeHooks&quot;:[],&quot;afterHooks&quot;:[],&quot;tests&quot;:[{&quot;title&quot;:&quot;Title : Login to Obenan with correct credentials&quot;,&quot;fullTitle&quot;:&quot;[TC1003] Title : Login to Obenan with correct credentials&quot;,&quot;duration&quot;:14039,&quot;state&quot;:&quot;failed&quot;,&quot;pass&quot;:false,&quot;fail&quot;:true,&quot;pending&quot;:false,&quot;code&quot;:&quot;_pageObjects.desktopLoginPageObjects.setViewPortForDesktop();\n//Step 1: Visit login page\n_pageObjects.desktopLoginPageObjects.visitLoginPage();\n//Step 2 : Type username \n_pageObjects.desktopLoginPageObjects.setEmailAddress();\n//Step 3 : Type password\n_pageObjects.desktopLoginPageObjects.setPasswrod();\n//Step 4 : Click on remember me checkbox\n_pageObjects.desktopLoginPageObjects.rememberMeCheckbox().check(&#x27;remember&#x27;);\n//Step 5 : Cick on Sign in button\n_pageObjects.desktopLoginPageObjects.signInButton().click();\n_pageObjects.desktopLoginPageObjects.verifyDashboard(tcCommonData.dashboardCheck); //Assertion&quot;,&quot;err&quot;:{&quot;message&quot;:&quot;AssertionError: Timed out retrying after 10000ms: Expected to find element: `//p[normalize-space()=&#x27;View Listings&#x27;]`, but never found it.&quot;,&quot;estack&quot;:&quot;AssertionError: Timed out retrying after 10000ms: Expected to find element: `//p[normalize-space()=&#x27;View Listings&#x27;]`, but never found it.\n    at desktopLoginPageObject.verifyDashboard (webpack:///./cypress/support/pageObjects/desktop/login_page/desktopLoginPage.js:178:13)\n    at Context.eval (webpack:///./cypress/e2e/smoke/desktop/login_page/TC1003.cy.js:32:28)&quot;},&quot;uuid&quot;:&quot;af34f36e-1a2f-4909-ad2f-0c63c6e8f8ee&quot;,&quot;parentUUID&quot;:&quot;3f848931-9670-41a7-96b6-a699fce514b4&quot;,&quot;isHook&quot;:false,&quot;skipped&quot;:false}],&quot;suites&quot;:[],&quot;passes&quot;:[],&quot;failures&quot;:[&quot;af34f36e-1a2f-4909-ad2f-0c63c6e8f8ee&quot;],&quot;pending&quot;:[],&quot;skipped&quot;:[],&quot;duration&quot;:14039,&quot;root&quot;:false,&quot;rootEmpty&quot;:false,&quot;_timeout&quot;:2000},{&quot;uuid&quot;:&quot;a7c240a8-0982-4f7c-bcf8-18c387e7be53&quot;,&quot;title&quot;:&quot;[TC6001]&quot;,&quot;fullFile&quot;:&quot;&quot;,&quot;file&quot;:&quot;&quot;,&quot;beforeHooks&quot;:[],&quot;afterHooks&quot;:[],&quot;tests&quot;:[{&quot;title&quot;:&quot;Verify \&quot;location\&quot; is added sucessfully or not&quot;,&quot;fullTitle&quot;:&quot;[TC6001] Verify \&quot;location\&quot; is added sucessfully or not&quot;,&quot;duration&quot;:13438,&quot;state&quot;:&quot;failed&quot;,&quot;pass&quot;:false,&quot;fail&quot;:true,&quot;pending&quot;:false,&quot;code&quot;:&quot;//Step 1 : Visit login page\n//Step 2 : Type correct email \n//Step 3 : Type correct password\n//Step 4 : Click Remember me check box \n//Step 5 : Click sign in\ncy.visit(Cypress.env(&#x27;baseURL&#x27;));\n//Step 6 : Click on drop down manage location in sidebar\n_pageObjects.addLocations.sidebarLinkManageLocations().click();\n//Step 7 : Click \&quot;Add Location\&quot; sidebar child link\n_pageObjects.addLocations.sidebarChildLinkAddLocation().click();\n//Step 8 : Now type location in setup location  such as \&quot;Johar Town\&quot; and select your desired location\n_pageObjects.addLocations.locationSelectFieldAtAddLocationsPage().eq(0).click().type(tc6001Data.locationName).wait(8000);\ncy.get(&#x27;#react-select-2-option-0&#x27;).click().wait(3000);\n//Step 9 : Type valid postal code\n_pageObjects.addLocations.postalCodeField().click().type(tc6001Data.postalCode);\n//Step 10 : Click \&quot;Add Location\&quot; button\n_pageObjects.addLocations.addLocationButton().click().wait(1000);\n//Step 11 : Verify Toast message\n_pageObjects.addLocations.locationAddedSuccessToast().should(&#x27;be.visible&#x27;).wait(5000);\n//Step 12 : Click \&quot;cancel\&quot; button\n_pageObjects.addLocations.cancelButtonAtAddLocations().click().wait(4000);\n//====================== Post Condition ==========================//\n//click on more location button and then delete location\n_pageObjects.addLocations.locationMoreButton().click();\n_pageObjects.addLocations.deleteLocationButton().eq(0).click({\n  force: true\n});\n_pageObjects.addLocations.popupConfirmButton().click();\ncy.contains(&#x27;Location deleted successfully&#x27;).should(&#x27;be.visible&#x27;);&quot;,&quot;err&quot;:{&quot;message&quot;:&quot;AssertionError: Timed out retrying after 10000ms: Expected to find element: `//p[normalize-space()=&#x27;View Listings&#x27;]`, but never found it.\n\nThis error occurred while creating the session. Because the session setup failed, we failed the test.\n\nBecause this error occurred during a `before all` hook we are skipping the remaining tests in the current suite: `[TC6001]`&quot;,&quot;estack&quot;:&quot;AssertionError: Timed out retrying after 10000ms: Expected to find element: `//p[normalize-space()=&#x27;View Listings&#x27;]`, but never found it.\n\nThis error occurred while creating the session. Because the session setup failed, we failed the test.\n\nBecause this error occurred during a `before all` hook we are skipping the remaining tests in the current suite: `[TC6001]`\n    at desktopLoginPageObject.verifyDashboard (webpack:///./cypress/support/pageObjects/desktop/login_page/desktopLoginPage.js:178:13)\n    at cy.session.cacheAcrossSpecs [as setup] (webpack:///./cypress/support/commands.js:43:30)&quot;},&quot;uuid&quot;:&quot;d6cc35c2-3ec2-4c59-a21e-8b603ea548a0&quot;,&quot;parentUUID&quot;:&quot;a7c240a8-0982-4f7c-bcf8-18c387e7be53&quot;,&quot;isHook&quot;:false,&quot;skipped&quot;:false}],&quot;suites&quot;:[],&quot;passes&quot;:[],&quot;failures&quot;:[&quot;d6cc35c2-3ec2-4c59-a21e-8b603ea548a0&quot;],&quot;pending&quot;:[],&quot;skipped&quot;:[],&quot;duration&quot;:13438,&quot;root&quot;:false,&quot;rootEmpty&quot;:false,&quot;_timeout&quot;:2000},{&quot;uuid&quot;:&quot;e9ca073d-1c1c-4688-a81a-e8dd4d1bce02&quot;,&quot;title&quot;:&quot;[TC1005]&quot;,&quot;fullFile&quot;:&quot;&quot;,&quot;file&quot;:&quot;&quot;,&quot;beforeHooks&quot;:[],&quot;afterHooks&quot;:[],&quot;tests&quot;:[{&quot;title&quot;:&quot;Title : Post Creation(Create a post according to sample data )&quot;,&quot;fullTitle&quot;:&quot;[TC1005] Title : Post Creation(Create a post according to sample data )&quot;,&quot;duration&quot;:13963,&quot;state&quot;:&quot;failed&quot;,&quot;pass&quot;:false,&quot;fail&quot;:true,&quot;pending&quot;:false,&quot;code&quot;:&quot;let ImagesPath = \&quot;./images/\&quot;;\n//Step 1 : Visit login page\n//Step 2 : Type email \n//Step 3 : Type password\n//Step 4 : click on remeber me checkbox \n//Step 5 : Click on sign in button \n//Step 6 : click on post managment sidebar link\n//Step 7 : click on auto google post dropdown link\ncy.visit(Cypress.env(&#x27;baseURL&#x27;));\n_pageObjects.autoGooglePosts.sidebarClickPostManagement();\n_pageObjects.autoGooglePosts.sidebarClickAutoGooglePost();\n//Step 8 : click on create post button\n_pageObjects.autoGooglePosts.clickCreatePostButton();\n//Step 9 : Verify dialog box title\n_pageObjects.autoGooglePosts.postCreationVerifyPopupTitle(tcCommonData.popupTitle);\n//Step 10 : upload image according to sample data\n_pageObjects.autoGooglePosts.postCreationUploadImage(ImagesPath + tcCommonData.accurateSpecsImage);\n_pageObjects.autoGooglePosts.checkImageUploadedNameOnPopup(tcCommonData.accurateSpecsImage);\n_pageObjects.autoGooglePosts.verifyImageDisplayingOnPopup(tcCommonData.accurateSpecsImage); //Assertion\n_pageObjects.autoGooglePosts.postCreationPopupUploadBtn().should(&#x27;be.visible&#x27;).should(&#x27;exist&#x27;); //Assertion\n//Step 11 : click on upload button\n_pageObjects.autoGooglePosts.postCreationPopupUploadBtn().click();\n_pageObjects.autoGooglePosts.imageUploadeSuccessMsg().should(&#x27;exist&#x27;).should(&#x27;have.length&#x27;, 1); //Assertion\n_pageObjects.autoGooglePosts.verifyImageDisplayingOnPopup(tcCommonData.accurateSpecsImage); //Assertion\n//Step 12 : Click on submit button\n_pageObjects.autoGooglePosts.popupSubmitButton().click();\n_pageObjects.autoGooglePosts.imageAvailableInForm().should(&#x27;exist&#x27;).should(&#x27;be.visible&#x27;).should(&#x27;have.length&#x27;, 1);\n//Step 13 : select location according to sample data\n_pageObjects.autoGooglePosts.postCreationFormLocationField().type(tcCommonData.locationExactMatch);\n_pageObjects.autoGooglePosts.locationOption().should(&#x27;be.visible&#x27;, tcCommonData.locationExactMatch).click();\n_pageObjects.autoGooglePosts.postCreationFormLocationField().click();\n//Step 14 : select crunnent date time\n_pageObjects.autoGooglePosts.currentDateTimeBtn().click();\n_pageObjects.autoGooglePosts.googleBusinessPostCheckBoxText().click();\n_pageObjects.autoGooglePosts.currentDateTimeBtn().click(); //Need for instant Post\n//Step 15 : write discription in discription field \n_pageObjects.autoGooglePosts.postCreationFormDiscriptionFieldType();\n//Ste 16 : Click on publish button\n_pageObjects.autoGooglePosts.publishPostButton().click();\n_pageObjects.autoGooglePosts.postPublishSuccessToast().should(&#x27;be.visible&#x27;);\ncy.wait(3000);\n_pageObjects.autoGooglePosts.postCreationCronJobNetworkCall(tcCommonData.locationID);\n//Step refactored : click on processed tab post\n_pageObjects.autoGooglePosts.processedTabAtPost().click();\n//Step 17 : verify image in created post\n_pageObjects.autoGooglePosts.postContainerImage().eq(0).should(&#x27;exist&#x27;).should(&#x27;be.visible&#x27;);\n_pageObjects.autoGooglePosts.postContainerPostStatus().eq(0).should(&#x27;exist&#x27;).should(&#x27;be.visible&#x27;);\n_pageObjects.autoGooglePosts.postContainerImage().eq(0).should(&#x27;exist&#x27;).should(&#x27;be.visible&#x27;);\n// ================================ Post Condition =========================== \n//Step 18 : Click on more button\n_pageObjects.autoGooglePosts.postContainerMoreButton().should(&#x27;be.visible&#x27;).click();\n//Step 19 : Click on delete button\n_pageObjects.autoGooglePosts.postContainerDeleteButton().should(&#x27;be.visible&#x27;).click();\n//Step 20 : Click on confirm button\n_pageObjects.autoGooglePosts.postContainerPopupConfirmBtn().should(&#x27;be.visible&#x27;).click();&quot;,&quot;err&quot;:{&quot;message&quot;:&quot;AssertionError: Timed out retrying after 10000ms: Expected to find element: `//p[normalize-space()=&#x27;View Listings&#x27;]`, but never found it.\n\nThis error occurred while creating the session. Because the session setup failed, we failed the test.\n\nBecause this error occurred during a `before each` hook we are skipping the remaining tests in the current suite: `[TC1005]`&quot;,&quot;estack&quot;:&quot;AssertionError: Timed out retrying after 10000ms: Expected to find element: `//p[normalize-space()=&#x27;View Listings&#x27;]`, but never found it.\n\nThis error occurred while creating the session. Because the session setup failed, we failed the test.\n\nBecause this error occurred during a `before each` hook we are skipping the remaining tests in the current suite: `[TC1005]`\n    at desktopLoginPageObject.verifyDashboard (webpack:///./cypress/support/pageObjects/desktop/login_page/desktopLoginPage.js:178:13)\n    at cy.session.cacheAcrossSpecs [as setup] (webpack:///./cypress/support/commands.js:43:30)&quot;},&quot;uuid&quot;:&quot;fa245581-db3c-443d-bbb3-c312393a0fa7&quot;,&quot;parentUUID&quot;:&quot;e9ca073d-1c1c-4688-a81a-e8dd4d1bce02&quot;,&quot;isHook&quot;:false,&quot;skipped&quot;:false}],&quot;suites&quot;:[],&quot;passes&quot;:[],&quot;failures&quot;:[&quot;fa245581-db3c-443d-bbb3-c312393a0fa7&quot;],&quot;pending&quot;:[],&quot;skipped&quot;:[],&quot;duration&quot;:13963,&quot;root&quot;:false,&quot;rootEmpty&quot;:false,&quot;_timeout&quot;:2000},{&quot;uuid&quot;:&quot;a63e2c3c-e568-45ab-823c-d2346c3c6dd3&quot;,&quot;title&quot;:&quot;[TC3001]&quot;,&quot;fullFile&quot;:&quot;&quot;,&quot;file&quot;:&quot;&quot;,&quot;beforeHooks&quot;:[],&quot;afterHooks&quot;:[],&quot;tests&quot;:[{&quot;title&quot;:&quot;Verify Campaign is created successfully&quot;,&quot;fullTitle&quot;:&quot;[TC3001] Verify Campaign is created successfully&quot;,&quot;duration&quot;:13470,&quot;state&quot;:&quot;failed&quot;,&quot;pass&quot;:false,&quot;fail&quot;:true,&quot;pending&quot;:false,&quot;code&quot;:&quot;cy.visit(Cypress.env(&#x27;baseURL&#x27;));\nlet ImagesPath = tcCommonData.ImagesPath;\n//Pre-Condition : Location must be added and subscribed to review source google\n//Step 1 : visit the login page\n//Step 2 : type email \n//Step 3 : type password\n//Step 4 : Click sign in \n//Step 5 : click on reveiw managment\n_pageObjects.reviewRequests.sidebarLinkReviewManagment().click();\n//Step 6 : click on review requests\n_pageObjects.reviewRequests.sidebarChildLinkReviewRequest().click();\n//Step 7 : click on create new compaigns\n_pageObjects.reviewRequests.createNewCompaignButton().click();\n//Step 8 : select location\n_pageObjects.reviewRequests.locationFieldAtCampaignsetup().click().type(tcCommonData.locationExactMatch);\n_pageObjects.reviewRequests.locationFieldOptionAtCampaignsetup().click();\n//Step 9 : click on checkbox send to review plateform\n_pageObjects.reviewRequests.reviewTypeCheckboxSendToReviewPlateform().click();\n//Step 10 : click on next button\n_pageObjects.reviewRequests.nextButtonAtCampaignsetup().click();\n//Step 11 : click on upload images\n_pageObjects.reviewRequests.browseImageAtCampaignsetup().click();\n//Step 12 : click on Drag &amp; Drop Image(s) here \n_pageObjects.reviewRequests.imageUploadAtCampaignsetup(ImagesPath + tcCommonData.accurateSpecsImage);\n//Step 13 : click on ok button\n_pageObjects.reviewRequests.imageUploadOkButtonAtCampaignsetup().click();\n//Step 14 : Click on pencil/Edit icon\n_pageObjects.reviewRequests.editHeadingAndDiscriptionButton().click({\n  force: true\n});\n//Step 15 : type text in heading\n_pageObjects.reviewRequests.emailHeadingFieldAtCampaignsetup().click().type(tc3001Data.heading);\n//Step 16 : type discription in heading\n_pageObjects.reviewRequests.discriptionFieldAtCampaignSetup().click().type(tc3001Data.discription);\n//Step 17 : click on save button\n_pageObjects.reviewRequests.saveButtonAtCampaignSetup().click().wait(5000);\n//Step 18 : click on next button\n_pageObjects.reviewRequests.nextButtonAtCampaignsetup().click();\n//Step 19 : type email in email field\n_pageObjects.reviewRequests.emailFieldForSendingReviewRequest().click().type(tcCommonData.email);\n//Step 20 : click on next button\n_pageObjects.reviewRequests.nextButtonAtCampaignsetup().click();\n//Step 21 : Click on Start Campaign\n_pageObjects.reviewRequests.startCampaignButton().click();\n//Step 22 : click on confirm button on popup\n_pageObjects.reviewRequests.startCampaignPopupConfirmButton().click();\n//Step 23 : Verify toast messeage\n_pageObjects.reviewRequests.compaignCreatedSuccessToast().should(&#x27;be.visible&#x27;);&quot;,&quot;err&quot;:{&quot;message&quot;:&quot;AssertionError: Timed out retrying after 10000ms: Expected to find element: `//p[normalize-space()=&#x27;View Listings&#x27;]`, but never found it.\n\nThis error occurred while creating the session. Because the session setup failed, we failed the test.\n\nBecause this error occurred during a `before each` hook we are skipping the remaining tests in the current suite: `[TC3001]`&quot;,&quot;estack&quot;:&quot;AssertionError: Timed out retrying after 10000ms: Expected to find element: `//p[normalize-space()=&#x27;View Listings&#x27;]`, but never found it.\n\nThis error occurred while creating the session. Because the session setup failed, we failed the test.\n\nBecause this error occurred during a `before each` hook we are skipping the remaining tests in the current suite: `[TC3001]`\n    at desktopLoginPageObject.verifyDashboard (webpack:///./cypress/support/pageObjects/desktop/login_page/desktopLoginPage.js:178:13)\n    at cy.session.cacheAcrossSpecs [as setup] (webpack:///./cypress/support/commands.js:43:30)&quot;},&quot;uuid&quot;:&quot;95322bb4-46b6-4bcd-9f63-c37d4445cedc&quot;,&quot;parentUUID&quot;:&quot;a63e2c3c-e568-45ab-823c-d2346c3c6dd3&quot;,&quot;isHook&quot;:false,&quot;skipped&quot;:false}],&quot;suites&quot;:[],&quot;passes&quot;:[],&quot;failures&quot;:[&quot;95322bb4-46b6-4bcd-9f63-c37d4445cedc&quot;],&quot;pending&quot;:[],&quot;skipped&quot;:[],&quot;duration&quot;:13470,&quot;root&quot;:false,&quot;rootEmpty&quot;:false,&quot;_timeout&quot;:2000}],&quot;passes&quot;:[],&quot;failures&quot;:[],&quot;pending&quot;:[],&quot;skipped&quot;:[],&quot;duration&quot;:0,&quot;root&quot;:true,&quot;rootEmpty&quot;:true,&quot;_timeout&quot;:2000}],&quot;meta&quot;:{&quot;mocha&quot;:{&quot;version&quot;:&quot;7.0.1&quot;},&quot;mochawesome&quot;:{&quot;options&quot;:{&quot;quiet&quot;:false,&quot;reportFilename&quot;:&quot;[status]_[datetime]-[name]-report&quot;,&quot;saveHtml&quot;:true,&quot;saveJson&quot;:false,&quot;consoleReporter&quot;:&quot;spec&quot;,&quot;useInlineDiffs&quot;:false,&quot;code&quot;:true},&quot;version&quot;:&quot;7.1.3&quot;},&quot;marge&quot;:{&quot;options&quot;:{&quot;reportDir&quot;:&quot;cypress/report/mochawesome-report&quot;,&quot;reportFilename&quot;:&quot;[status]_[datetime]-[name]-report&quot;,&quot;overwrite&quot;:true,&quot;htm&quot;:true,&quot;json&quot;:false,&quot;timestamp&quot;:&quot;mmddyyyy_HHMMss&quot;},&quot;version&quot;:&quot;6.2.0&quot;}}}" data-config="{&quot;reportFilename&quot;:&quot;[status]_[datetime]-[name]-report&quot;,&quot;reportDir&quot;:&quot;cypress/report/mochawesome-report&quot;,&quot;reportTitle&quot;:&quot;obenan-cypress-pom&quot;,&quot;reportPageTitle&quot;:&quot;Mochawesome Report&quot;,&quot;inline&quot;:false,&quot;inlineAssets&quot;:false,&quot;cdn&quot;:false,&quot;charts&quot;:false,&quot;enableCharts&quot;:false,&quot;code&quot;:true,&quot;enableCode&quot;:true,&quot;autoOpen&quot;:false,&quot;overwrite&quot;:true,&quot;timestamp&quot;:&quot;mmddyyyy_HHMMss&quot;,&quot;ts&quot;:&quot;mmddyyyy_HHMMss&quot;,&quot;showPassed&quot;:true,&quot;showFailed&quot;:true,&quot;showPending&quot;:true,&quot;showSkipped&quot;:false,&quot;showHooks&quot;:&quot;failed&quot;,&quot;saveJson&quot;:false,&quot;saveHtml&quot;:true,&quot;dev&quot;:false,&quot;assetsDir&quot;:&quot;cypress\\report\\mochawesome-report\\assets&quot;,&quot;htmlFile&quot;:&quot;C:\\ex-obenan\\obenan-cypress-pom\\cypress\\report\\mochawesome-report\\fail_08192023_173829-smoke-desktop-suite-report.html&quot;}"><div id="report"></div><script src="assets\app.js"></script></body></html>